<?xml version="1.0" encoding="UTF-8"?>
<!-- Generated by org.testng.reporters.JUnitReportReporter -->
<testsuite hostname="DESKTOP-MPHTH6E" failures="0" tests="1" name="PageTest.ReadDataFromJson" time="9.479" errors="0" timestamp="2024-05-30T16:49:10 IST" skipped="0">
  <testcase classname="PageTest.ReadDataFromJson" name="enterData" time="9.479"/>
</testsuite> <!-- PageTest.ReadDataFromJson -->
