<?xml version="1.0" encoding="UTF-8"?>
<!-- Generated by org.testng.reporters.JUnitReportReporter -->
<testsuite hostname="DESKTOP-MPHTH6E" failures="0" tests="3" name="PageTest.testCase01" time="15.146" errors="0" timestamp="2024-06-02T11:58:08 IST" skipped="0">
  <testcase classname="PageTest.testCase01" name="setUp2" time="5.045"/>
  <testcase classname="PageTest.testCase01" name="setUp2" time="5.991"/>
  <testcase classname="PageTest.testCase01" name="setUp2" time="4.110"/>
</testsuite> <!-- PageTest.testCase01 -->
